[0.012s] Invoking command in '/home/niraamay/isro_ros2_try/ros_ws/build/orbslam_pub': CMAKE_PREFIX_PATH=${CMAKE_PREFIX_PATH}:/home/niraamay/isro_ros2_try/ros_ws/install/py_img_sub:/home/niraamay/isro_ros2_try/ros_ws/install/drone_control_pkg:/home/niraamay/isro_ros2_try/ros_ws/src/install/py_img_sub:/opt/ros/humble PS1=\[\033[1;32m\]\u@\h\[\033[0m\]:\[\033[1;34m\]\w\[\033[1;33m\]$(parse_git_branch)\[\033[0m\]$ /usr/bin/cmake --build /home/niraamay/isro_ros2_try/ros_ws/build/orbslam_pub -- -j16 -l16
[0.045s] -- Found ament_cmake: 1.3.11 (/opt/ros/humble/share/ament_cmake/cmake)
[0.191s] -- Found rclcpp: 16.0.11 (/opt/ros/humble/share/rclcpp/cmake)
[0.224s] -- Found rosidl_generator_c: 3.1.6 (/opt/ros/humble/share/rosidl_generator_c/cmake)
[0.226s] -- Found rosidl_adapter: 3.1.6 (/opt/ros/humble/share/rosidl_adapter/cmake)
[0.233s] -- Found rosidl_generator_cpp: 3.1.6 (/opt/ros/humble/share/rosidl_generator_cpp/cmake)
[0.244s] -- Using all available rosidl_typesupport_c: rosidl_typesupport_fastrtps_c;rosidl_typesupport_introspection_c
[0.257s] -- Using all available rosidl_typesupport_cpp: rosidl_typesupport_fastrtps_cpp;rosidl_typesupport_introspection_cpp
[0.292s] -- Found rmw_implementation_cmake: 6.1.2 (/opt/ros/humble/share/rmw_implementation_cmake/cmake)
[0.294s] -- Found rmw_fastrtps_cpp: 6.2.7 (/opt/ros/humble/share/rmw_fastrtps_cpp/cmake)
[0.407s] -- Using RMW implementation 'rmw_fastrtps_cpp' as default
[0.460s] -- Found sensor_msgs: 4.2.4 (/opt/ros/humble/share/sensor_msgs/cmake)
[0.491s] -- Found cv_bridge: 3.2.1 (/opt/ros/humble/share/cv_bridge/cmake)
[0.501s] -- Found image_transport: 3.1.11 (/opt/ros/humble/share/image_transport/cmake)
[0.614s] -- Configuring done
[0.629s] -- Generating done
[0.634s] -- Build files have been written to: /home/niraamay/isro_ros2_try/ros_ws/build/orbslam_pub
[0.660s] [35m[1mConsolidate compiler generated dependencies of target getpose[0m
[0.688s] [ 50%] [32mBuilding CXX object CMakeFiles/getpose.dir/src/orbslam_getpose.cpp.o[0m
[5.608s] [01m[K/home/niraamay/isro_ros2_try/ros_ws/src/orbslam_pub/src/orbslam_getpose.cpp:[m[K In member function â€˜[01m[Kvoid PosePublisher::init()[m[Kâ€™:
[5.608s] [01m[K/home/niraamay/isro_ros2_try/ros_ws/src/orbslam_pub/src/orbslam_getpose.cpp:31:7:[m[K [01;31m[Kerror: [m[Kâ€˜[01m[Kimage_transport_[m[Kâ€™ was not declared in this scope; did you mean â€˜[01m[Kimage_transport[m[Kâ€™?
[5.608s]    31 |       [01;31m[Kimage_transport_[m[K = std::make_shared<image_transport::ImageTransport>(shared_from_this());
[5.608s]       |       [01;31m[K^~~~~~~~~~~~~~~~[m[K
[5.608s]       |       [32m[Kimage_transport[m[K
[10.483s] gmake[2]: *** [CMakeFiles/getpose.dir/build.make:76: CMakeFiles/getpose.dir/src/orbslam_getpose.cpp.o] Error 1
[10.484s] gmake[1]: *** [CMakeFiles/Makefile2:137: CMakeFiles/getpose.dir/all] Error 2
[10.484s] gmake: *** [Makefile:146: all] Error 2
[10.486s] Invoked command in '/home/niraamay/isro_ros2_try/ros_ws/build/orbslam_pub' returned '2': CMAKE_PREFIX_PATH=${CMAKE_PREFIX_PATH}:/home/niraamay/isro_ros2_try/ros_ws/install/py_img_sub:/home/niraamay/isro_ros2_try/ros_ws/install/drone_control_pkg:/home/niraamay/isro_ros2_try/ros_ws/src/install/py_img_sub:/opt/ros/humble PS1=\[\033[1;32m\]\u@\h\[\033[0m\]:\[\033[1;34m\]\w\[\033[1;33m\]$(parse_git_branch)\[\033[0m\]$ /usr/bin/cmake --build /home/niraamay/isro_ros2_try/ros_ws/build/orbslam_pub -- -j16 -l16
