[01m[K/home/niraamay/isro/ros2_try/isro_ws/src/camera_feed_pub/src/camera_feed_pub.cpp:[m[K In constructor â€˜[01m[KCameraFeedPublisher::CameraFeedPublisher()[m[Kâ€™:
[01m[K/home/niraamay/isro/ros2_try/isro_ws/src/camera_feed_pub/src/camera_feed_pub.cpp:15:13:[m[K [01;31m[Kerror: [m[Kexpected â€˜[01m[K;[m[Kâ€™ before â€˜[01m[Kimage_pub_[m[Kâ€™
   15 |             [01;31m[Kimage_pub_[m[K = image_transport_->advertise("camera_feed/image_raw", 1);
      |             [01;31m[K^~~~~~~~~~[m[K
[01m[K/home/niraamay/isro/ros2_try/isro_ws/src/camera_feed_pub/src/camera_feed_pub.cpp:23:46:[m[K [01;31m[Kerror: [m[Kunable to find numeric literal operator â€˜[01m[Koperator""ms[m[Kâ€™
   23 |             timer_ = this->create_wall_timer([01;31m[K33ms[m[K, std::bind(&CameraFeedPublisher::publish_frame, this));
      |                                              [01;31m[K^~~~[m[K
[01m[K/home/niraamay/isro/ros2_try/isro_ws/src/camera_feed_pub/src/camera_feed_pub.cpp:[m[K In function â€˜[01m[Kint main(int, char**)[m[Kâ€™:
[01m[K/home/niraamay/isro/ros2_try/isro_ws/src/camera_feed_pub/src/camera_feed_pub.cpp:49:35:[m[K [01;31m[Kerror: [m[Kâ€˜[01m[KWebcamPublisher[m[Kâ€™ was not declared in this scope
   49 |     rclcpp::spin(std::make_shared<[01;31m[KWebcamPublisher[m[K>());
      |                                   [01;31m[K^~~~~~~~~~~~~~~[m[K
[01m[K/home/niraamay/isro/ros2_try/isro_ws/src/camera_feed_pub/src/camera_feed_pub.cpp:49:51:[m[K [01;31m[Kerror: [m[Kno matching function for call to â€˜[01m[Kmake_shared<<expression error> >()[m[Kâ€™
   49 |     rclcpp::spin([01;31m[Kstd::make_shared<WebcamPublisher>()[m[K);
      |                  [01;31m[K~~~~~~~~~~~~~~~~~~~~~~~~~~~~~~~~~^~[m[K
In file included from [01m[K/usr/include/c++/11/memory:77[m[K,
                 from [01m[K/opt/ros/humble/include/rclcpp/rclcpp/rclcpp.hpp:153[m[K,
                 from [01m[K/home/niraamay/isro/ros2_try/isro_ws/src/camera_feed_pub/src/camera_feed_pub.cpp:3[m[K:
[01m[K/usr/include/c++/11/bits/shared_ptr.h:875:5:[m[K [01;36m[Knote: [m[Kcandidate: â€˜[01m[Ktemplate<class _Tp, class ... _Args> std::shared_ptr<_Tp> std::make_shared(_Args&& ...)[m[Kâ€™
  875 |     [01;36m[Kmake_shared[m[K(_Args&&... __args)
      |     [01;36m[K^~~~~~~~~~~[m[K
[01m[K/usr/include/c++/11/bits/shared_ptr.h:875:5:[m[K [01;36m[Knote: [m[K  template argument deduction/substitution failed:
[01m[K/home/niraamay/isro/ros2_try/isro_ws/src/camera_feed_pub/src/camera_feed_pub.cpp:49:51:[m[K [01;31m[Kerror: [m[Ktemplate argument 1 is invalid
   49 |     rclcpp::spin([01;31m[Kstd::make_shared<WebcamPublisher>()[m[K);
      |                  [01;31m[K~~~~~~~~~~~~~~~~~~~~~~~~~~~~~~~~~^~[m[K
gmake[2]: *** [CMakeFiles/camera_feed_pub.dir/build.make:76: CMakeFiles/camera_feed_pub.dir/src/camera_feed_pub.cpp.o] Error 1
gmake[1]: *** [CMakeFiles/Makefile2:137: CMakeFiles/camera_feed_pub.dir/all] Error 2
gmake: *** [Makefile:146: all] Error 2
