[0.010s] Invoking command in '/home/niraamay/isro/ros2_try/isro_ws/build/camera_feed_pub': CMAKE_PREFIX_PATH=${CMAKE_PREFIX_PATH}:/home/niraamay/isro/ros2_try/isro_ws/install/camera_pub:/opt/ros/humble /usr/bin/cmake /home/niraamay/isro/ros2_try/isro_ws/src/camera_feed_pub -DCMAKE_INSTALL_PREFIX=/home/niraamay/isro/ros2_try/isro_ws/install/camera_feed_pub
[0.023s] -- Found ament_cmake: 1.3.11 (/opt/ros/humble/share/ament_cmake/cmake)
[0.181s] -- Found rclcpp: 16.0.11 (/opt/ros/humble/share/rclcpp/cmake)
[0.224s] -- Found rosidl_generator_c: 3.1.6 (/opt/ros/humble/share/rosidl_generator_c/cmake)
[0.228s] -- Found rosidl_adapter: 3.1.6 (/opt/ros/humble/share/rosidl_adapter/cmake)
[0.239s] -- Found rosidl_generator_cpp: 3.1.6 (/opt/ros/humble/share/rosidl_generator_cpp/cmake)
[0.251s] -- Using all available rosidl_typesupport_c: rosidl_typesupport_fastrtps_c;rosidl_typesupport_introspection_c
[0.265s] -- Using all available rosidl_typesupport_cpp: rosidl_typesupport_fastrtps_cpp;rosidl_typesupport_introspection_cpp
[0.300s] -- Found rmw_implementation_cmake: 6.1.2 (/opt/ros/humble/share/rmw_implementation_cmake/cmake)
[0.302s] -- Found rmw_fastrtps_cpp: 6.2.7 (/opt/ros/humble/share/rmw_fastrtps_cpp/cmake)
[0.437s] -- Using RMW implementation 'rmw_fastrtps_cpp' as default
[0.503s] -- Found image_transport: 3.1.11 (/opt/ros/humble/share/image_transport/cmake)
[0.569s] -- Found cv_bridge: 3.2.1 (/opt/ros/humble/share/cv_bridge/cmake)
[0.657s] -- Configuring done
[0.671s] -- Generating done
[0.676s] -- Build files have been written to: /home/niraamay/isro/ros2_try/isro_ws/build/camera_feed_pub
[0.684s] Invoked command in '/home/niraamay/isro/ros2_try/isro_ws/build/camera_feed_pub' returned '0': CMAKE_PREFIX_PATH=${CMAKE_PREFIX_PATH}:/home/niraamay/isro/ros2_try/isro_ws/install/camera_pub:/opt/ros/humble /usr/bin/cmake /home/niraamay/isro/ros2_try/isro_ws/src/camera_feed_pub -DCMAKE_INSTALL_PREFIX=/home/niraamay/isro/ros2_try/isro_ws/install/camera_feed_pub
[0.687s] Invoking command in '/home/niraamay/isro/ros2_try/isro_ws/build/camera_feed_pub': CMAKE_PREFIX_PATH=${CMAKE_PREFIX_PATH}:/home/niraamay/isro/ros2_try/isro_ws/install/camera_pub:/opt/ros/humble /usr/bin/cmake --build /home/niraamay/isro/ros2_try/isro_ws/build/camera_feed_pub -- -j16 -l16
[0.741s] [ 50%] [32mBuilding CXX object CMakeFiles/camera_feed_pub.dir/src/camera_feed_pub.cpp.o[0m
[4.088s] [01m[K/home/niraamay/isro/ros2_try/isro_ws/src/camera_feed_pub/src/camera_feed_pub.cpp:[m[K In constructor â€˜[01m[KCameraFeedPublisher::CameraFeedPublisher()[m[Kâ€™:
[4.088s] [01m[K/home/niraamay/isro/ros2_try/isro_ws/src/camera_feed_pub/src/camera_feed_pub.cpp:15:13:[m[K [01;31m[Kerror: [m[Kexpected â€˜[01m[K;[m[Kâ€™ before â€˜[01m[Kimage_pub_[m[Kâ€™
[4.088s]    15 |             [01;31m[Kimage_pub_[m[K = image_transport_->advertise("camera_feed/image_raw", 1);
[4.088s]       |             [01;31m[K^~~~~~~~~~[m[K
[4.089s] [01m[K/home/niraamay/isro/ros2_try/isro_ws/src/camera_feed_pub/src/camera_feed_pub.cpp:23:46:[m[K [01;31m[Kerror: [m[Kunable to find numeric literal operator â€˜[01m[Koperator""ms[m[Kâ€™
[4.089s]    23 |             timer_ = this->create_wall_timer([01;31m[K33ms[m[K, std::bind(&CameraFeedPublisher::publish_frame, this));
[4.089s]       |                                              [01;31m[K^~~~[m[K
[4.109s] [01m[K/home/niraamay/isro/ros2_try/isro_ws/src/camera_feed_pub/src/camera_feed_pub.cpp:[m[K In function â€˜[01m[Kint main(int, char**)[m[Kâ€™:
[4.109s] [01m[K/home/niraamay/isro/ros2_try/isro_ws/src/camera_feed_pub/src/camera_feed_pub.cpp:49:35:[m[K [01;31m[Kerror: [m[Kâ€˜[01m[KWebcamPublisher[m[Kâ€™ was not declared in this scope
[4.110s]    49 |     rclcpp::spin(std::make_shared<[01;31m[KWebcamPublisher[m[K>());
[4.110s]       |                                   [01;31m[K^~~~~~~~~~~~~~~[m[K
[4.110s] [01m[K/home/niraamay/isro/ros2_try/isro_ws/src/camera_feed_pub/src/camera_feed_pub.cpp:49:51:[m[K [01;31m[Kerror: [m[Kno matching function for call to â€˜[01m[Kmake_shared<<expression error> >()[m[Kâ€™
[4.110s]    49 |     rclcpp::spin([01;31m[Kstd::make_shared<WebcamPublisher>()[m[K);
[4.110s]       |                  [01;31m[K~~~~~~~~~~~~~~~~~~~~~~~~~~~~~~~~~^~[m[K
[4.110s] In file included from [01m[K/usr/include/c++/11/memory:77[m[K,
[4.110s]                  from [01m[K/opt/ros/humble/include/rclcpp/rclcpp/rclcpp.hpp:153[m[K,
[4.110s]                  from [01m[K/home/niraamay/isro/ros2_try/isro_ws/src/camera_feed_pub/src/camera_feed_pub.cpp:3[m[K:
[4.111s] [01m[K/usr/include/c++/11/bits/shared_ptr.h:875:5:[m[K [01;36m[Knote: [m[Kcandidate: â€˜[01m[Ktemplate<class _Tp, class ... _Args> std::shared_ptr<_Tp> std::make_shared(_Args&& ...)[m[Kâ€™
[4.111s]   875 |     [01;36m[Kmake_shared[m[K(_Args&&... __args)
[4.111s]       |     [01;36m[K^~~~~~~~~~~[m[K
[4.111s] [01m[K/usr/include/c++/11/bits/shared_ptr.h:875:5:[m[K [01;36m[Knote: [m[K  template argument deduction/substitution failed:
[4.111s] [01m[K/home/niraamay/isro/ros2_try/isro_ws/src/camera_feed_pub/src/camera_feed_pub.cpp:49:51:[m[K [01;31m[Kerror: [m[Ktemplate argument 1 is invalid
[4.111s]    49 |     rclcpp::spin([01;31m[Kstd::make_shared<WebcamPublisher>()[m[K);
[4.111s]       |                  [01;31m[K~~~~~~~~~~~~~~~~~~~~~~~~~~~~~~~~~^~[m[K
[4.952s] gmake[2]: *** [CMakeFiles/camera_feed_pub.dir/build.make:76: CMakeFiles/camera_feed_pub.dir/src/camera_feed_pub.cpp.o] Error 1
[4.952s] gmake[1]: *** [CMakeFiles/Makefile2:137: CMakeFiles/camera_feed_pub.dir/all] Error 2
[4.952s] gmake: *** [Makefile:146: all] Error 2
[4.955s] Invoked command in '/home/niraamay/isro/ros2_try/isro_ws/build/camera_feed_pub' returned '2': CMAKE_PREFIX_PATH=${CMAKE_PREFIX_PATH}:/home/niraamay/isro/ros2_try/isro_ws/install/camera_pub:/opt/ros/humble /usr/bin/cmake --build /home/niraamay/isro/ros2_try/isro_ws/build/camera_feed_pub -- -j16 -l16
