[35m[1mConsolidate compiler generated dependencies of target camera_feed_pub[0m
[ 50%] [32mBuilding CXX object CMakeFiles/camera_feed_pub.dir/src/camera_feed_pub.cpp.o[0m
[01m[K/home/niraamay/isro/ros2_try/isro_ws/src/camera_feed_pub/src/camera_feed_pub.cpp:[m[K In constructor â€˜[01m[KCameraFeedPublisher::CameraFeedPublisher()[m[Kâ€™:
[01m[K/home/niraamay/isro/ros2_try/isro_ws/src/camera_feed_pub/src/camera_feed_pub.cpp:24:46:[m[K [01;31m[Kerror: [m[Kunable to find numeric literal operator â€˜[01m[Koperator""ms[m[Kâ€™
   24 |             timer_ = this->create_wall_timer([01;31m[K33ms[m[K, std::bind(&CameraFeedPublisher::publish_frame, this));
      |                                              [01;31m[K^~~~[m[K
gmake[2]: *** [CMakeFiles/camera_feed_pub.dir/build.make:76: CMakeFiles/camera_feed_pub.dir/src/camera_feed_pub.cpp.o] Error 1
gmake[1]: *** [CMakeFiles/Makefile2:137: CMakeFiles/camera_feed_pub.dir/all] Error 2
gmake: *** [Makefile:146: all] Error 2
