In file included from [01m[K/home/niraamay/isro/ORB_SLAM3/include/MapPoint.h:23[m[K,
                 from [01m[K/home/niraamay/isro/ORB_SLAM3/include/FrameDrawer.h:24[m[K,
                 from [01m[K/home/niraamay/isro/ORB_SLAM3/include/Viewer.h:23[m[K,
                 from [01m[K/home/niraamay/isro/ORB_SLAM3/include/Tracking.h:26[m[K,
                 from [01m[K/home/niraamay/isro/ORB_SLAM3/include/System.h:31[m[K,
                 from [01m[K/home/niraamay/isro/ros2_try/isro_ws/src/orbslam_pub/src/orbslam_getpose.cpp:12[m[K:
[01m[K/home/niraamay/isro/ORB_SLAM3/include/KeyFrame.h:24:10:[m[K [01;31m[Kfatal error: [m[KThirdparty/DBoW2/DBoW2/BowVector.h: No such file or directory
   24 | #include [01;31m[K"Thirdparty/DBoW2/DBoW2/BowVector.h"[m[K
      |          [01;31m[K^~~~~~~~~~~~~~~~~~~~~~~~~~~~~~~~~~~~[m[K
compilation terminated.
gmake[2]: *** [CMakeFiles/getpose.dir/build.make:76: CMakeFiles/getpose.dir/src/orbslam_getpose.cpp.o] Error 1
gmake[1]: *** [CMakeFiles/Makefile2:137: CMakeFiles/getpose.dir/all] Error 2
gmake: *** [Makefile:146: all] Error 2
