[0.264s] Invoking command in '/home/niraamay/isro/ros2_try/isro_ws/build/orbslam_pub': CMAKE_PREFIX_PATH=/opt/ros/humble /usr/bin/cmake --build /home/niraamay/isro/ros2_try/isro_ws/build/orbslam_pub -- -j16 -l16
[0.288s] -- Found ament_cmake: 1.3.11 (/opt/ros/humble/share/ament_cmake/cmake)
[0.436s] -- Found rclcpp: 16.0.11 (/opt/ros/humble/share/rclcpp/cmake)
[0.475s] -- Found rosidl_generator_c: 3.1.6 (/opt/ros/humble/share/rosidl_generator_c/cmake)
[0.478s] -- Found rosidl_adapter: 3.1.6 (/opt/ros/humble/share/rosidl_adapter/cmake)
[0.486s] -- Found rosidl_generator_cpp: 3.1.6 (/opt/ros/humble/share/rosidl_generator_cpp/cmake)
[0.499s] -- Using all available rosidl_typesupport_c: rosidl_typesupport_fastrtps_c;rosidl_typesupport_introspection_c
[0.518s] -- Using all available rosidl_typesupport_cpp: rosidl_typesupport_fastrtps_cpp;rosidl_typesupport_introspection_cpp
[0.560s] -- Found rmw_implementation_cmake: 6.1.2 (/opt/ros/humble/share/rmw_implementation_cmake/cmake)
[0.563s] -- Found rmw_fastrtps_cpp: 6.2.7 (/opt/ros/humble/share/rmw_fastrtps_cpp/cmake)
[0.674s] -- Using RMW implementation 'rmw_fastrtps_cpp' as default
[0.737s] -- Found sensor_msgs: 4.2.4 (/opt/ros/humble/share/sensor_msgs/cmake)
[0.772s] -- Found cv_bridge: 3.2.1 (/opt/ros/humble/share/cv_bridge/cmake)
[0.798s] -- Found ament_lint_auto: 0.12.11 (/opt/ros/humble/share/ament_lint_auto/cmake)
[0.876s] -- Added test 'cppcheck' to perform static code analysis on C / C++ code
[0.876s] -- Configured cppcheck include dirs: 
[0.876s] -- Configured cppcheck exclude dirs and/or files: 
[0.877s] -- Added test 'lint_cmake' to check CMake code style
[0.877s] -- Added test 'uncrustify' to check C / C++ code style
[0.877s] -- Configured uncrustify additional arguments: 
[0.878s] -- Added test 'xmllint' to check XML markup files
[0.879s] -- Configuring done
[0.895s] -- Generating done
[0.899s] -- Build files have been written to: /home/niraamay/isro/ros2_try/isro_ws/build/orbslam_pub
[0.923s] [35m[1mConsolidate compiler generated dependencies of target getpose[0m
[0.941s] [ 50%] [32mBuilding CXX object CMakeFiles/getpose.dir/src/orbslam_getpose.cpp.o[0m
[1.226s] In file included from [01m[K/home/niraamay/isro/ORB_SLAM3/include/MapPoint.h:23[m[K,
[1.226s]                  from [01m[K/home/niraamay/isro/ORB_SLAM3/include/FrameDrawer.h:24[m[K,
[1.226s]                  from [01m[K/home/niraamay/isro/ORB_SLAM3/include/Viewer.h:23[m[K,
[1.226s]                  from [01m[K/home/niraamay/isro/ORB_SLAM3/include/Tracking.h:26[m[K,
[1.226s]                  from [01m[K/home/niraamay/isro/ORB_SLAM3/include/System.h:31[m[K,
[1.226s]                  from [01m[K/home/niraamay/isro/ros2_try/isro_ws/src/orbslam_pub/src/orbslam_getpose.cpp:12[m[K:
[1.226s] [01m[K/home/niraamay/isro/ORB_SLAM3/include/KeyFrame.h:24:10:[m[K [01;31m[Kfatal error: [m[KThirdparty/DBoW2/DBoW2/BowVector.h: No such file or directory
[1.226s]    24 | #include [01;31m[K"Thirdparty/DBoW2/DBoW2/BowVector.h"[m[K
[1.226s]       |          [01;31m[K^~~~~~~~~~~~~~~~~~~~~~~~~~~~~~~~~~~~[m[K
[1.226s] compilation terminated.
[1.238s] gmake[2]: *** [CMakeFiles/getpose.dir/build.make:76: CMakeFiles/getpose.dir/src/orbslam_getpose.cpp.o] Error 1
[1.238s] gmake[1]: *** [CMakeFiles/Makefile2:137: CMakeFiles/getpose.dir/all] Error 2
[1.238s] gmake: *** [Makefile:146: all] Error 2
[1.241s] Invoked command in '/home/niraamay/isro/ros2_try/isro_ws/build/orbslam_pub' returned '2': CMAKE_PREFIX_PATH=/opt/ros/humble /usr/bin/cmake --build /home/niraamay/isro/ros2_try/isro_ws/build/orbslam_pub -- -j16 -l16
