-- Found ament_cmake: 1.3.11 (/opt/ros/humble/share/ament_cmake/cmake)
-- Found rclcpp: 16.0.11 (/opt/ros/humble/share/rclcpp/cmake)
-- Found rosidl_generator_c: 3.1.6 (/opt/ros/humble/share/rosidl_generator_c/cmake)
-- Found rosidl_adapter: 3.1.6 (/opt/ros/humble/share/rosidl_adapter/cmake)
-- Found rosidl_generator_cpp: 3.1.6 (/opt/ros/humble/share/rosidl_generator_cpp/cmake)
-- Using all available rosidl_typesupport_c: rosidl_typesupport_fastrtps_c;rosidl_typesupport_introspection_c
-- Using all available rosidl_typesupport_cpp: rosidl_typesupport_fastrtps_cpp;rosidl_typesupport_introspection_cpp
-- Found rmw_implementation_cmake: 6.1.2 (/opt/ros/humble/share/rmw_implementation_cmake/cmake)
-- Found rmw_fastrtps_cpp: 6.2.7 (/opt/ros/humble/share/rmw_fastrtps_cpp/cmake)
-- Using RMW implementation 'rmw_fastrtps_cpp' as default
-- Found sensor_msgs: 4.2.4 (/opt/ros/humble/share/sensor_msgs/cmake)
-- Found cv_bridge: 3.2.1 (/opt/ros/humble/share/cv_bridge/cmake)
-- Configuring done
-- Generating done
-- Build files have been written to: /home/niraamay/isro/ros2_try/isro_ws/build/orbslam_pub
[35m[1mConsolidate compiler generated dependencies of target getpose[0m
[ 50%] [32mBuilding CXX object CMakeFiles/getpose.dir/src/orbslam_getpose.cpp.o[0m
In file included from [01m[K/home/niraamay/isro/ORB_SLAM3/include/MapPoint.h:23[m[K,
                 from [01m[K/home/niraamay/isro/ORB_SLAM3/include/FrameDrawer.h:24[m[K,
                 from [01m[K/home/niraamay/isro/ORB_SLAM3/include/Viewer.h:23[m[K,
                 from [01m[K/home/niraamay/isro/ORB_SLAM3/include/Tracking.h:26[m[K,
                 from [01m[K/home/niraamay/isro/ORB_SLAM3/include/System.h:31[m[K,
                 from [01m[K/home/niraamay/isro/ros2_try/isro_ws/src/orbslam_pub/src/orbslam_getpose.cpp:12[m[K:
[01m[K/home/niraamay/isro/ORB_SLAM3/include/KeyFrame.h:32:10:[m[K [01;31m[Kfatal error: [m[KGeometricCamera.h: No such file or directory
   32 | #include [01;31m[K"GeometricCamera.h"[m[K
      |          [01;31m[K^~~~~~~~~~~~~~~~~~~[m[K
compilation terminated.
gmake[2]: *** [CMakeFiles/getpose.dir/build.make:76: CMakeFiles/getpose.dir/src/orbslam_getpose.cpp.o] Error 1
gmake[1]: *** [CMakeFiles/Makefile2:137: CMakeFiles/getpose.dir/all] Error 2
gmake: *** [Makefile:146: all] Error 2
