[0.000000] (-) TimerEvent: {}
[0.000092] (camera_pub) JobQueued: {'identifier': 'camera_pub', 'dependencies': OrderedDict()}
[0.000111] (orbslam_pub) JobQueued: {'identifier': 'orbslam_pub', 'dependencies': OrderedDict()}
[0.000123] (camera_pub) JobStarted: {'identifier': 'camera_pub'}
[0.004612] (orbslam_pub) JobStarted: {'identifier': 'orbslam_pub'}
[0.099434] (-) TimerEvent: {}
[0.160603] (orbslam_pub) JobProgress: {'identifier': 'orbslam_pub', 'progress': 'cmake'}
[0.161061] (orbslam_pub) JobProgress: {'identifier': 'orbslam_pub', 'progress': 'build'}
[0.161435] (orbslam_pub) Command: {'cmd': ['/usr/bin/cmake', '--build', '/home/niraamay/isro/ros2_try/isro_ws/build/orbslam_pub', '--', '-j16', '-l16'], 'cwd': '/home/niraamay/isro/ros2_try/isro_ws/build/orbslam_pub', 'env': OrderedDict([('LESSOPEN', '| /usr/bin/lesspipe %s'), ('LANGUAGE', 'en_IN:en'), ('USER', 'niraamay'), ('XDG_SESSION_TYPE', 'x11'), ('SHLVL', '1'), ('LD_LIBRARY_PATH', '/opt/ros/humble/opt/rviz_ogre_vendor/lib:/opt/ros/humble/lib/x86_64-linux-gnu:/opt/ros/humble/lib'), ('HOME', '/home/niraamay'), ('CONDA_SHLVL', '0'), ('DESKTOP_SESSION', 'cinnamon'), ('ROS_PYTHON_VERSION', '3'), ('GTK_MODULES', 'gail:atk-bridge'), ('XDG_SEAT_PATH', '/org/freedesktop/DisplayManager/Seat0'), ('MANAGERPID', '2083'), ('DBUS_STARTER_BUS_TYPE', 'session'), ('SYSTEMD_EXEC_PID', '2098'), ('DBUS_SESSION_BUS_ADDRESS', 'unix:path=/run/user/1000/bus,guid=6f263b73f2a715916c9176726821619e'), ('COLORTERM', 'truecolor'), ('_CE_M', ''), ('QT_QPA_PLATFORMTHEME', 'qt5ct'), ('IM_CONFIG_PHASE', '1'), ('COLCON_PREFIX_PATH', '/home/niraamay/isro/ros2_try/isro_ws/install'), ('ROS_DISTRO', 'humble'), ('LOGNAME', 'niraamay'), ('JOURNAL_STREAM', '8:43210'), ('_', '/usr/bin/colcon'), ('ROS_VERSION', '2'), ('XDG_SESSION_CLASS', 'user'), ('TERM', 'xterm-256color'), ('GNOME_DESKTOP_SESSION_ID', 'this-is-deprecated'), ('_CE_CONDA', ''), ('ROS_LOCALHOST_ONLY', '0'), ('PATH', '/opt/ros/humble/bin:/home/niraamay/.local/bin:/home/niraamay/miniconda3/condabin:/home/niraamay/.local/bin:/usr/local/sbin:/usr/local/bin:/usr/sbin:/usr/bin:/sbin:/bin:/usr/games:/usr/local/games:/snap/bin'), ('SESSION_MANAGER', 'local/nhp:@/tmp/.ICE-unix/2099,unix/nhp:/tmp/.ICE-unix/2099'), ('GDM_LANG', 'en_US'), ('INVOCATION_ID', 'c53b71cd6b2545ea91200807ccf00c6c'), ('GTK3_MODULES', 'xapp-gtk3-module'), ('XDG_SESSION_PATH', '/org/freedesktop/DisplayManager/Session0'), ('XDG_RUNTIME_DIR', '/run/user/1000'), ('DISPLAY', ':0'), ('LANG', 'en_US.UTF-8'), ('XDG_CURRENT_DESKTOP', 'X-Cinnamon'), ('TILIX_ID', 'd0899fdc-31f5-4d32-a534-eb8dfddea816'), ('XDG_SESSION_DESKTOP', 'cinnamon'), ('XAUTHORITY', '/home/niraamay/.Xauthority'), ('LS_COLORS', 'rs=0:di=01;34:ln=01;36:mh=00:pi=40;33:so=01;35:do=01;35:bd=40;33;01:cd=40;33;01:or=40;31;01:mi=00:su=37;41:sg=30;43:ca=30;41:tw=30;42:ow=34;42:st=37;44:ex=01;32:*.tar=01;31:*.tgz=01;31:*.arc=01;31:*.arj=01;31:*.taz=01;31:*.lha=01;31:*.lz4=01;31:*.lzh=01;31:*.lzma=01;31:*.tlz=01;31:*.txz=01;31:*.tzo=01;31:*.t7z=01;31:*.zip=01;31:*.z=01;31:*.dz=01;31:*.gz=01;31:*.lrz=01;31:*.lz=01;31:*.lzo=01;31:*.xz=01;31:*.zst=01;31:*.tzst=01;31:*.bz2=01;31:*.bz=01;31:*.tbz=01;31:*.tbz2=01;31:*.tz=01;31:*.deb=01;31:*.rpm=01;31:*.jar=01;31:*.war=01;31:*.ear=01;31:*.sar=01;31:*.rar=01;31:*.alz=01;31:*.ace=01;31:*.zoo=01;31:*.cpio=01;31:*.7z=01;31:*.rz=01;31:*.cab=01;31:*.wim=01;31:*.swm=01;31:*.dwm=01;31:*.esd=01;31:*.jpg=01;35:*.jpeg=01;35:*.mjpg=01;35:*.mjpeg=01;35:*.gif=01;35:*.bmp=01;35:*.pbm=01;35:*.pgm=01;35:*.ppm=01;35:*.tga=01;35:*.xbm=01;35:*.xpm=01;35:*.tif=01;35:*.tiff=01;35:*.png=01;35:*.svg=01;35:*.svgz=01;35:*.mng=01;35:*.pcx=01;35:*.mov=01;35:*.mpg=01;35:*.mpeg=01;35:*.m2v=01;35:*.mkv=01;35:*.webm=01;35:*.webp=01;35:*.ogm=01;35:*.mp4=01;35:*.m4v=01;35:*.mp4v=01;35:*.vob=01;35:*.qt=01;35:*.nuv=01;35:*.wmv=01;35:*.asf=01;35:*.rm=01;35:*.rmvb=01;35:*.flc=01;35:*.avi=01;35:*.fli=01;35:*.flv=01;35:*.gl=01;35:*.dl=01;35:*.xcf=01;35:*.xwd=01;35:*.yuv=01;35:*.cgm=01;35:*.emf=01;35:*.ogv=01;35:*.ogx=01;35:*.aac=00;36:*.au=00;36:*.flac=00;36:*.m4a=00;36:*.mid=00;36:*.midi=00;36:*.mka=00;36:*.mp3=00;36:*.mpc=00;36:*.ogg=00;36:*.ra=00;36:*.wav=00;36:*.oga=00;36:*.opus=00;36:*.spx=00;36:*.xspf=00;36:'), ('SSH_AUTH_SOCK', '/run/user/1000/keyring/ssh'), ('XDG_GREETER_DATA_DIR', '/var/lib/lightdm-data/niraamay'), ('AMENT_PREFIX_PATH', '/home/niraamay/isro/ros2_try/isro_ws/install/orbslam_pub:/home/niraamay/isro/ros2_try/isro_ws/install/camera_pub:/opt/ros/humble'), ('CONDA_PYTHON_EXE', '/home/niraamay/miniconda3/bin/python'), ('SHELL', '/bin/bash'), ('QT_ACCESSIBILITY', '1'), ('GDMSESSION', 'cinnamon'), ('LESSCLOSE', '/usr/bin/lesspipe %s %s'), ('GPG_AGENT_INFO', '/run/user/1000/gnupg/S.gpg-agent:0:1'), ('PWD', '/home/niraamay/isro/ros2_try/isro_ws/build/orbslam_pub'), ('LC_ALL', 'en_US.UTF-8'), ('XDG_CONFIG_DIRS', '/etc/xdg/xdg-cinnamon:/etc/xdg'), ('CONDA_EXE', '/home/niraamay/miniconda3/bin/conda'), ('DBUS_STARTER_ADDRESS', 'unix:path=/run/user/1000/bus,guid=6f263b73f2a715916c9176726821619e'), ('XDG_DATA_DIRS', '/usr/share/cinnamon:/usr/share/gnome:/home/niraamay/.local/share/flatpak/exports/share:/var/lib/flatpak/exports/share:/usr/local/share:/usr/share:/var/lib/snapd/desktop'), ('PYTHONPATH', '/home/niraamay/isro/ros2_try/isro_ws/install/camera_pub/lib/python3.10/site-packages:/opt/ros/humble/lib/python3.10/site-packages:/opt/ros/humble/local/lib/python3.10/dist-packages'), ('COLCON', '1'), ('VTE_VERSION', '6800'), ('CMAKE_PREFIX_PATH', '/home/niraamay/isro/ros2_try/isro_ws/install/orbslam_pub:/home/niraamay/isro/ros2_try/isro_ws/install/camera_pub:/opt/ros/humble')]), 'shell': False}
[0.187298] (orbslam_pub) StdoutLine: {'line': b'\x1b[35m\x1b[1mConsolidate compiler generated dependencies of target getpose\x1b[0m\n'}
[0.199526] (-) TimerEvent: {}
[0.204157] (orbslam_pub) StdoutLine: {'line': b'[100%] Built target getpose\n'}
[0.210962] (orbslam_pub) CommandEnded: {'returncode': 0}
[0.211653] (orbslam_pub) JobProgress: {'identifier': 'orbslam_pub', 'progress': 'install'}
[0.217271] (orbslam_pub) Command: {'cmd': ['/usr/bin/cmake', '--install', '/home/niraamay/isro/ros2_try/isro_ws/build/orbslam_pub'], 'cwd': '/home/niraamay/isro/ros2_try/isro_ws/build/orbslam_pub', 'env': OrderedDict([('LESSOPEN', '| /usr/bin/lesspipe %s'), ('LANGUAGE', 'en_IN:en'), ('USER', 'niraamay'), ('XDG_SESSION_TYPE', 'x11'), ('SHLVL', '1'), ('LD_LIBRARY_PATH', '/opt/ros/humble/opt/rviz_ogre_vendor/lib:/opt/ros/humble/lib/x86_64-linux-gnu:/opt/ros/humble/lib'), ('HOME', '/home/niraamay'), ('CONDA_SHLVL', '0'), ('DESKTOP_SESSION', 'cinnamon'), ('ROS_PYTHON_VERSION', '3'), ('GTK_MODULES', 'gail:atk-bridge'), ('XDG_SEAT_PATH', '/org/freedesktop/DisplayManager/Seat0'), ('MANAGERPID', '2083'), ('DBUS_STARTER_BUS_TYPE', 'session'), ('SYSTEMD_EXEC_PID', '2098'), ('DBUS_SESSION_BUS_ADDRESS', 'unix:path=/run/user/1000/bus,guid=6f263b73f2a715916c9176726821619e'), ('COLORTERM', 'truecolor'), ('_CE_M', ''), ('QT_QPA_PLATFORMTHEME', 'qt5ct'), ('IM_CONFIG_PHASE', '1'), ('COLCON_PREFIX_PATH', '/home/niraamay/isro/ros2_try/isro_ws/install'), ('ROS_DISTRO', 'humble'), ('LOGNAME', 'niraamay'), ('JOURNAL_STREAM', '8:43210'), ('_', '/usr/bin/colcon'), ('ROS_VERSION', '2'), ('XDG_SESSION_CLASS', 'user'), ('TERM', 'xterm-256color'), ('GNOME_DESKTOP_SESSION_ID', 'this-is-deprecated'), ('_CE_CONDA', ''), ('ROS_LOCALHOST_ONLY', '0'), ('PATH', '/opt/ros/humble/bin:/home/niraamay/.local/bin:/home/niraamay/miniconda3/condabin:/home/niraamay/.local/bin:/usr/local/sbin:/usr/local/bin:/usr/sbin:/usr/bin:/sbin:/bin:/usr/games:/usr/local/games:/snap/bin'), ('SESSION_MANAGER', 'local/nhp:@/tmp/.ICE-unix/2099,unix/nhp:/tmp/.ICE-unix/2099'), ('GDM_LANG', 'en_US'), ('INVOCATION_ID', 'c53b71cd6b2545ea91200807ccf00c6c'), ('GTK3_MODULES', 'xapp-gtk3-module'), ('XDG_SESSION_PATH', '/org/freedesktop/DisplayManager/Session0'), ('XDG_RUNTIME_DIR', '/run/user/1000'), ('DISPLAY', ':0'), ('LANG', 'en_US.UTF-8'), ('XDG_CURRENT_DESKTOP', 'X-Cinnamon'), ('TILIX_ID', 'd0899fdc-31f5-4d32-a534-eb8dfddea816'), ('XDG_SESSION_DESKTOP', 'cinnamon'), ('XAUTHORITY', '/home/niraamay/.Xauthority'), ('LS_COLORS', 'rs=0:di=01;34:ln=01;36:mh=00:pi=40;33:so=01;35:do=01;35:bd=40;33;01:cd=40;33;01:or=40;31;01:mi=00:su=37;41:sg=30;43:ca=30;41:tw=30;42:ow=34;42:st=37;44:ex=01;32:*.tar=01;31:*.tgz=01;31:*.arc=01;31:*.arj=01;31:*.taz=01;31:*.lha=01;31:*.lz4=01;31:*.lzh=01;31:*.lzma=01;31:*.tlz=01;31:*.txz=01;31:*.tzo=01;31:*.t7z=01;31:*.zip=01;31:*.z=01;31:*.dz=01;31:*.gz=01;31:*.lrz=01;31:*.lz=01;31:*.lzo=01;31:*.xz=01;31:*.zst=01;31:*.tzst=01;31:*.bz2=01;31:*.bz=01;31:*.tbz=01;31:*.tbz2=01;31:*.tz=01;31:*.deb=01;31:*.rpm=01;31:*.jar=01;31:*.war=01;31:*.ear=01;31:*.sar=01;31:*.rar=01;31:*.alz=01;31:*.ace=01;31:*.zoo=01;31:*.cpio=01;31:*.7z=01;31:*.rz=01;31:*.cab=01;31:*.wim=01;31:*.swm=01;31:*.dwm=01;31:*.esd=01;31:*.jpg=01;35:*.jpeg=01;35:*.mjpg=01;35:*.mjpeg=01;35:*.gif=01;35:*.bmp=01;35:*.pbm=01;35:*.pgm=01;35:*.ppm=01;35:*.tga=01;35:*.xbm=01;35:*.xpm=01;35:*.tif=01;35:*.tiff=01;35:*.png=01;35:*.svg=01;35:*.svgz=01;35:*.mng=01;35:*.pcx=01;35:*.mov=01;35:*.mpg=01;35:*.mpeg=01;35:*.m2v=01;35:*.mkv=01;35:*.webm=01;35:*.webp=01;35:*.ogm=01;35:*.mp4=01;35:*.m4v=01;35:*.mp4v=01;35:*.vob=01;35:*.qt=01;35:*.nuv=01;35:*.wmv=01;35:*.asf=01;35:*.rm=01;35:*.rmvb=01;35:*.flc=01;35:*.avi=01;35:*.fli=01;35:*.flv=01;35:*.gl=01;35:*.dl=01;35:*.xcf=01;35:*.xwd=01;35:*.yuv=01;35:*.cgm=01;35:*.emf=01;35:*.ogv=01;35:*.ogx=01;35:*.aac=00;36:*.au=00;36:*.flac=00;36:*.m4a=00;36:*.mid=00;36:*.midi=00;36:*.mka=00;36:*.mp3=00;36:*.mpc=00;36:*.ogg=00;36:*.ra=00;36:*.wav=00;36:*.oga=00;36:*.opus=00;36:*.spx=00;36:*.xspf=00;36:'), ('SSH_AUTH_SOCK', '/run/user/1000/keyring/ssh'), ('XDG_GREETER_DATA_DIR', '/var/lib/lightdm-data/niraamay'), ('AMENT_PREFIX_PATH', '/home/niraamay/isro/ros2_try/isro_ws/install/orbslam_pub:/home/niraamay/isro/ros2_try/isro_ws/install/camera_pub:/opt/ros/humble'), ('CONDA_PYTHON_EXE', '/home/niraamay/miniconda3/bin/python'), ('SHELL', '/bin/bash'), ('QT_ACCESSIBILITY', '1'), ('GDMSESSION', 'cinnamon'), ('LESSCLOSE', '/usr/bin/lesspipe %s %s'), ('GPG_AGENT_INFO', '/run/user/1000/gnupg/S.gpg-agent:0:1'), ('PWD', '/home/niraamay/isro/ros2_try/isro_ws/build/orbslam_pub'), ('LC_ALL', 'en_US.UTF-8'), ('XDG_CONFIG_DIRS', '/etc/xdg/xdg-cinnamon:/etc/xdg'), ('CONDA_EXE', '/home/niraamay/miniconda3/bin/conda'), ('DBUS_STARTER_ADDRESS', 'unix:path=/run/user/1000/bus,guid=6f263b73f2a715916c9176726821619e'), ('XDG_DATA_DIRS', '/usr/share/cinnamon:/usr/share/gnome:/home/niraamay/.local/share/flatpak/exports/share:/var/lib/flatpak/exports/share:/usr/local/share:/usr/share:/var/lib/snapd/desktop'), ('PYTHONPATH', '/home/niraamay/isro/ros2_try/isro_ws/install/camera_pub/lib/python3.10/site-packages:/opt/ros/humble/lib/python3.10/site-packages:/opt/ros/humble/local/lib/python3.10/dist-packages'), ('COLCON', '1'), ('VTE_VERSION', '6800'), ('CMAKE_PREFIX_PATH', '/home/niraamay/isro/ros2_try/isro_ws/install/orbslam_pub:/home/niraamay/isro/ros2_try/isro_ws/install/camera_pub:/opt/ros/humble')]), 'shell': False}
[0.221678] (orbslam_pub) StdoutLine: {'line': b'-- Install configuration: ""\n'}
[0.221807] (orbslam_pub) StdoutLine: {'line': b'-- Up-to-date: /home/niraamay/isro/ros2_try/isro_ws/install/orbslam_pub/lib/orbslam_pub/getpose\n'}
[0.221877] (orbslam_pub) StdoutLine: {'line': b'-- Up-to-date: /home/niraamay/isro/ros2_try/isro_ws/install/orbslam_pub/share/ament_index/resource_index/package_run_dependencies/orbslam_pub\n'}
[0.221921] (orbslam_pub) StdoutLine: {'line': b'-- Up-to-date: /home/niraamay/isro/ros2_try/isro_ws/install/orbslam_pub/share/ament_index/resource_index/parent_prefix_path/orbslam_pub\n'}
[0.221954] (orbslam_pub) StdoutLine: {'line': b'-- Up-to-date: /home/niraamay/isro/ros2_try/isro_ws/install/orbslam_pub/share/orbslam_pub/environment/ament_prefix_path.sh\n'}
[0.221985] (orbslam_pub) StdoutLine: {'line': b'-- Up-to-date: /home/niraamay/isro/ros2_try/isro_ws/install/orbslam_pub/share/orbslam_pub/environment/ament_prefix_path.dsv\n'}
[0.222032] (orbslam_pub) StdoutLine: {'line': b'-- Up-to-date: /home/niraamay/isro/ros2_try/isro_ws/install/orbslam_pub/share/orbslam_pub/environment/path.sh\n'}
[0.222067] (orbslam_pub) StdoutLine: {'line': b'-- Up-to-date: /home/niraamay/isro/ros2_try/isro_ws/install/orbslam_pub/share/orbslam_pub/environment/path.dsv\n'}
[0.222109] (orbslam_pub) StdoutLine: {'line': b'-- Up-to-date: /home/niraamay/isro/ros2_try/isro_ws/install/orbslam_pub/share/orbslam_pub/local_setup.bash\n'}
[0.222144] (orbslam_pub) StdoutLine: {'line': b'-- Up-to-date: /home/niraamay/isro/ros2_try/isro_ws/install/orbslam_pub/share/orbslam_pub/local_setup.sh\n'}
[0.222174] (orbslam_pub) StdoutLine: {'line': b'-- Up-to-date: /home/niraamay/isro/ros2_try/isro_ws/install/orbslam_pub/share/orbslam_pub/local_setup.zsh\n'}
[0.222203] (orbslam_pub) StdoutLine: {'line': b'-- Up-to-date: /home/niraamay/isro/ros2_try/isro_ws/install/orbslam_pub/share/orbslam_pub/local_setup.dsv\n'}
[0.222234] (orbslam_pub) StdoutLine: {'line': b'-- Installing: /home/niraamay/isro/ros2_try/isro_ws/install/orbslam_pub/share/orbslam_pub/package.dsv\n'}
[0.222263] (orbslam_pub) StdoutLine: {'line': b'-- Up-to-date: /home/niraamay/isro/ros2_try/isro_ws/install/orbslam_pub/share/ament_index/resource_index/packages/orbslam_pub\n'}
[0.222292] (orbslam_pub) StdoutLine: {'line': b'-- Up-to-date: /home/niraamay/isro/ros2_try/isro_ws/install/orbslam_pub/share/orbslam_pub/cmake/orbslam_pubConfig.cmake\n'}
[0.222321] (orbslam_pub) StdoutLine: {'line': b'-- Up-to-date: /home/niraamay/isro/ros2_try/isro_ws/install/orbslam_pub/share/orbslam_pub/cmake/orbslam_pubConfig-version.cmake\n'}
[0.222349] (orbslam_pub) StdoutLine: {'line': b'-- Up-to-date: /home/niraamay/isro/ros2_try/isro_ws/install/orbslam_pub/share/orbslam_pub/package.xml\n'}
[0.223058] (orbslam_pub) CommandEnded: {'returncode': 0}
[0.233797] (orbslam_pub) JobEnded: {'identifier': 'orbslam_pub', 'rc': 0}
[0.299714] (-) TimerEvent: {}
[0.373624] (camera_pub) StderrLine: {'line': b'Traceback (most recent call last):\n  File "/usr/lib/python3/dist-packages/colcon_parallel_executor/executor/parallel.py", line 75, in execute\n    loop.run_until_complete(future)\n  File "/usr/lib/python3.10/asyncio/base_events.py", line 636, in run_until_complete\n    self.run_forever()\n  File "/usr/lib/python3.10/asyncio/base_events.py", line 603, in run_forever\n    self._run_once()\n  File "/usr/lib/python3.10/asyncio/base_events.py", line 1871, in _run_once\n    event_list = self._selector.select(timeout)\n  File "/usr/lib/python3.10/selectors.py", line 469, in select\n    fd_event_list = self._selector.poll(timeout, max_ev)\nKeyboardInterrupt\n\nDuring handling of the above exception, another exception occurred:\n\nTraceback (most recent call last):\n  File "/usr/lib/python3/dist-packages/colcon_core/executor/__init__.py", line 91, in __call__\n    rc = await self.task(*args, **kwargs)\n  File "/usr/lib/python3/dist-packages/colcon_core/task/__init__.py", line 93, in __call__\n    return await task_method(*args, **kwargs)\n  File "/usr/lib/python3/dist-packages/colcon_ros/task/ament_python/build.py", line 102, in build\n    return await extension.build(additional_hooks=additional_hooks)\n  File "/usr/lib/python3/dist-packages/colcon_core/task/python/build.py", line 96, in build\n    available_commands = await self._get_available_commands(\n  File "/usr/lib/python3/dist-packages/colcon_core/task/python/build.py", line 194, in _get_available_commands\n    output = await check_output(\n  File "/usr/lib/python3/dist-packages/colcon_core/subprocess.py", line 129, in check_output\n    assert not rc, f\'Expected {args} to pass: {stderr_data}\'\nAssertionError: Expected [\'/usr/bin/python3\', \'-W\', \'ignore:setup.py install is deprecated\', \'-W\', \'ignore:easy_install command is deprecated\', \'setup.py\', \'--help-commands\'] to pass: \n'}
[0.373870] (camera_pub) JobEnded: {'identifier': 'camera_pub', 'rc': 'SIGINT'}
[0.384054] (-) EventReactorShutdown: {}
